<?xml version="1.0" encoding="UTF-8"?>
<!-- Generated by org.testng.reporters.JUnitReportReporter -->
<testsuite hostname="BRUPESH-LPT" failures="0" tests="1" name="cucumberOptions.TestRunner" time="4.052" errors="0" timestamp="2021-04-16T00:40:36 IST" skipped="0">
  <testcase classname="cucumberOptions.TestRunner" name="feature" time="4.052"/>
  <system-out/>
</testsuite> <!-- cucumberOptions.TestRunner -->
