<?xml version="1.0" encoding="UTF-8"?>
<!-- Generated by org.testng.reporters.JUnitReportReporter -->
<testsuite skipped="0" hostname="BRUPESH-LPT" name="cucumberOptions.TestRunner" tests="1" failures="0" timestamp="2021-04-22T20:32:58 IST" time="14.708" errors="0">
  <testcase name="feature" time="14.708" classname="cucumberOptions.TestRunner"/>
  <system-out/>
</testsuite> <!-- cucumberOptions.TestRunner -->
